<?xml version="1.0" encoding="UTF-8"?>
<!-- Generated by org.testng.reporters.JUnitReportReporter -->
<testsuite skipped="0" hostname="Senas-Air" name="com.hubspot.tests.ContactsTest" tests="4" failures="0" timestamp="12 Mar 2020 13:54:00 GMT" time="99.870" errors="0">
  <testcase name="verifyContactPageTitle" time="16.574" classname="com.hubspot.tests.ContactsTest"/>
  <testcase name="createNewContactTest" time="27.515" classname="com.hubspot.tests.ContactsTest"/>
  <testcase name="createNewContactTest" time="27.802" classname="com.hubspot.tests.ContactsTest"/>
  <testcase name="createNewContactTest" time="27.979" classname="com.hubspot.tests.ContactsTest"/>
</testsuite> <!-- com.hubspot.tests.ContactsTest -->
