<?xml version="1.0" encoding="UTF-8"?>
<!-- Generated by org.testng.reporters.JUnitReportReporter -->
<testsuite skipped="0" hostname="Senas-Air" name="com.hubspot.tests.HomeTest" tests="2" failures="0" timestamp="12 Mar 2020 13:54:53 GMT" time="29.257" errors="0">
  <testcase name="verifyHomePageTitle" time="15.836" classname="com.hubspot.tests.HomeTest"/>
  <testcase name="verifyHomePageHeader" time="13.421" classname="com.hubspot.tests.HomeTest"/>
</testsuite> <!-- com.hubspot.tests.HomeTest -->
